<?xml version="1.0" encoding="utf-8"?>
<outputLog>
  <ApplicationId>d3066bb7-ef01-4c5e-b753-9b4267c37e7e</ApplicationId>
  <FileLogs>
    <FileLog>
      <ProjectId>23e9ee1b-ab32-4f6f-9ce6-3506c2c14706</ProjectId>
      <CorrelationId>Aryzac.IO.Modules.Nuxt.gitignore</CorrelationId>
      <OverwriteBehaviour>always</OverwriteBehaviour>
      <ApplicationRelativeFilePath>../../Aryzac.IO.Modules.Nuxt.FolderTemplates/.gitignore</ApplicationRelativeFilePath>
      <ProjectRelativeFilePath>.gitignore</ProjectRelativeFilePath>
      <IsIgnored>false</IsIgnored>
    </FileLog>
    <FileLog>
      <ProjectId>a3a23ae5-cb21-4cb8-8ed7-67969a90ac6a</ProjectId>
      <CorrelationId>Aryzac.IO.Modules.Nuxt.Components.UI.Card.index</CorrelationId>
      <OverwriteBehaviour>always</OverwriteBehaviour>
      <ApplicationRelativeFilePath>../../Aryzac.IO.Modules.Nuxt.FolderTemplates/components/ui/card/index.vue</ApplicationRelativeFilePath>
      <ProjectRelativeFilePath>index.vue</ProjectRelativeFilePath>
      <IsIgnored>false</IsIgnored>
    </FileLog>
    <FileLog>
      <ProjectId>afdb4be2-0060-4325-86ab-d50e9eebf727</ProjectId>
      <CorrelationId>Aryzac.IO.Modules.Nuxt.Components.UI.Container.constrained-to-breakpoint-with-padded-content</CorrelationId>
      <OverwriteBehaviour>always</OverwriteBehaviour>
      <ApplicationRelativeFilePath>../../Aryzac.IO.Modules.Nuxt.FolderTemplates/components/ui/container/constrained-to-breakpoint-with-padded-content.vue</ApplicationRelativeFilePath>
      <ProjectRelativeFilePath>constrained-to-breakpoint-with-padded-content.vue</ProjectRelativeFilePath>
      <IsIgnored>false</IsIgnored>
    </FileLog>
    <FileLog>
      <ProjectId>afdb4be2-0060-4325-86ab-d50e9eebf727</ProjectId>
      <CorrelationId>Aryzac.IO.Modules.Nuxt.Components.UI.Container.constrained-with-padded-content</CorrelationId>
      <OverwriteBehaviour>always</OverwriteBehaviour>
      <ApplicationRelativeFilePath>../../Aryzac.IO.Modules.Nuxt.FolderTemplates/components/ui/container/constrained-with-padded-content.vue</ApplicationRelativeFilePath>
      <ProjectRelativeFilePath>constrained-with-padded-content.vue</ProjectRelativeFilePath>
      <IsIgnored>false</IsIgnored>
    </FileLog>
    <FileLog>
      <ProjectId>afdb4be2-0060-4325-86ab-d50e9eebf727</ProjectId>
      <CorrelationId>Aryzac.IO.Modules.Nuxt.Components.UI.Container.full-width-on-mobile-constrained-with-padded-content-above</CorrelationId>
      <OverwriteBehaviour>always</OverwriteBehaviour>
      <ApplicationRelativeFilePath>../../Aryzac.IO.Modules.Nuxt.FolderTemplates/components/ui/container/full-width-on-mobile-constrained-with-padded-content-above.vue</ApplicationRelativeFilePath>
      <ProjectRelativeFilePath>full-width-on-mobile-constrained-with-padded-content-above.vue</ProjectRelativeFilePath>
      <IsIgnored>false</IsIgnored>
    </FileLog>
    <FileLog>
      <ProjectId>afdb4be2-0060-4325-86ab-d50e9eebf727</ProjectId>
      <CorrelationId>Aryzac.IO.Modules.Nuxt.Components.UI.Container.index</CorrelationId>
      <OverwriteBehaviour>always</OverwriteBehaviour>
      <ApplicationRelativeFilePath>../../Aryzac.IO.Modules.Nuxt.FolderTemplates/components/ui/container/index.vue</ApplicationRelativeFilePath>
      <ProjectRelativeFilePath>index.vue</ProjectRelativeFilePath>
      <IsIgnored>false</IsIgnored>
    </FileLog>
    <FileLog>
      <ProjectId>afdb4be2-0060-4325-86ab-d50e9eebf727</ProjectId>
      <CorrelationId>Aryzac.IO.Modules.Nuxt.Components.UI.Container.narrow-constrained-with-padded-content</CorrelationId>
      <OverwriteBehaviour>always</OverwriteBehaviour>
      <ApplicationRelativeFilePath>../../Aryzac.IO.Modules.Nuxt.FolderTemplates/components/ui/container/narrow-constrained-with-padded-content.vue</ApplicationRelativeFilePath>
      <ProjectRelativeFilePath>narrow-constrained-with-padded-content.vue</ProjectRelativeFilePath>
      <IsIgnored>false</IsIgnored>
    </FileLog>
    <FileLog>
      <ProjectId>1d28bae7-b6c4-42c4-be5b-5f1fe98724b4</ProjectId>
      <CorrelationId>Aryzac.IO.Modules.Nuxt.Composables.useDebug</CorrelationId>
      <OverwriteBehaviour>always</OverwriteBehaviour>
      <ApplicationRelativeFilePath>../../Aryzac.IO.Modules.Nuxt.FolderTemplates/composables/useDebug.ts</ApplicationRelativeFilePath>
      <ProjectRelativeFilePath>useDebug.ts</ProjectRelativeFilePath>
      <IsIgnored>false</IsIgnored>
    </FileLog>
    <FileLog>
      <ProjectId>1d28bae7-b6c4-42c4-be5b-5f1fe98724b4</ProjectId>
      <CorrelationId>Aryzac.IO.Modules.Nuxt.Composables.useDefaultNavigation</CorrelationId>
      <OverwriteBehaviour>always</OverwriteBehaviour>
      <ApplicationRelativeFilePath>../../Aryzac.IO.Modules.Nuxt.FolderTemplates/composables/useDefaultNavigation.ts</ApplicationRelativeFilePath>
      <ProjectRelativeFilePath>useDefaultNavigation.ts</ProjectRelativeFilePath>
      <IsIgnored>false</IsIgnored>
    </FileLog>
    <FileLog>
      <ProjectId>1d28bae7-b6c4-42c4-be5b-5f1fe98724b4</ProjectId>
      <CorrelationId>Aryzac.IO.Modules.Nuxt.Composables.useNavigation</CorrelationId>
      <OverwriteBehaviour>always</OverwriteBehaviour>
      <ApplicationRelativeFilePath>../../Aryzac.IO.Modules.Nuxt.FolderTemplates/composables/useNavigation.ts</ApplicationRelativeFilePath>
      <ProjectRelativeFilePath>useNavigation.ts</ProjectRelativeFilePath>
      <IsIgnored>false</IsIgnored>
    </FileLog>
    <FileLog>
      <ProjectId>1d28bae7-b6c4-42c4-be5b-5f1fe98724b4</ProjectId>
      <CorrelationId>Aryzac.IO.Modules.Nuxt.Composables.useSidebar</CorrelationId>
      <OverwriteBehaviour>always</OverwriteBehaviour>
      <ApplicationRelativeFilePath>../../Aryzac.IO.Modules.Nuxt.FolderTemplates/composables/useSidebar.ts</ApplicationRelativeFilePath>
      <ProjectRelativeFilePath>useSidebar.ts</ProjectRelativeFilePath>
      <IsIgnored>false</IsIgnored>
    </FileLog>
    <FileLog>
      <ProjectId>d2152815-0b93-4b91-bf81-37f3467bf229</ProjectId>
      <CorrelationId>Aryzac.IO.Modules.Nuxt.Layouts.default</CorrelationId>
      <OverwriteBehaviour>always</OverwriteBehaviour>
      <ApplicationRelativeFilePath>../../Aryzac.IO.Modules.Nuxt.FolderTemplates/layouts/default.vue</ApplicationRelativeFilePath>
      <ProjectRelativeFilePath>default.vue</ProjectRelativeFilePath>
      <IsIgnored>false</IsIgnored>
    </FileLog>
    <FileLog>
      <ProjectId>23e9ee1b-ab32-4f6f-9ce6-3506c2c14706</ProjectId>
      <CorrelationId>Aryzac.IO.Modules.Nuxt.nuxt.config</CorrelationId>
      <OverwriteBehaviour>always</OverwriteBehaviour>
      <ApplicationRelativeFilePath>../../Aryzac.IO.Modules.Nuxt.FolderTemplates/nuxt.config.ts</ApplicationRelativeFilePath>
      <ProjectRelativeFilePath>nuxt.config.ts</ProjectRelativeFilePath>
      <IsIgnored>false</IsIgnored>
    </FileLog>
    <FileLog>
      <ProjectId>23e9ee1b-ab32-4f6f-9ce6-3506c2c14706</ProjectId>
      <CorrelationId>Aryzac.IO.Modules.Nuxt.package</CorrelationId>
      <OverwriteBehaviour>always</OverwriteBehaviour>
      <ApplicationRelativeFilePath>../../Aryzac.IO.Modules.Nuxt.FolderTemplates/package.json</ApplicationRelativeFilePath>
      <ProjectRelativeFilePath>package.json</ProjectRelativeFilePath>
      <IsIgnored>false</IsIgnored>
    </FileLog>
    <FileLog>
      <ProjectId>5dd8ef58-b69a-4f55-8669-8e8f20df5925</ProjectId>
      <CorrelationId>Aryzac.IO.Modules.Nuxt.Pages.index</CorrelationId>
      <OverwriteBehaviour>always</OverwriteBehaviour>
      <ApplicationRelativeFilePath>../../Aryzac.IO.Modules.Nuxt.FolderTemplates/pages/index.vue</ApplicationRelativeFilePath>
      <ProjectRelativeFilePath>index.vue</ProjectRelativeFilePath>
      <IsIgnored>false</IsIgnored>
    </FileLog>
    <FileLog>
      <ProjectId>23e9ee1b-ab32-4f6f-9ce6-3506c2c14706</ProjectId>
      <CorrelationId>Aryzac.IO.Modules.Nuxt.Templates.StaticContentTemplateRegistrations.NewStaticStaticContentTemplateRegistration#prompts/create.vue</CorrelationId>
      <OverwriteBehaviour>always</OverwriteBehaviour>
      <ApplicationRelativeFilePath>../../Aryzac.IO.Modules.Nuxt.FolderTemplates/prompts/create.vue</ApplicationRelativeFilePath>
      <ProjectRelativeFilePath>prompts/create.vue</ProjectRelativeFilePath>
      <IsIgnored>false</IsIgnored>
    </FileLog>
    <FileLog>
      <ProjectId>23e9ee1b-ab32-4f6f-9ce6-3506c2c14706</ProjectId>
      <CorrelationId>Aryzac.IO.Modules.Nuxt.Templates.StaticContentTemplateRegistrations.NewStaticStaticContentTemplateRegistration#prompts/instructions.vue</CorrelationId>
      <OverwriteBehaviour>always</OverwriteBehaviour>
      <ApplicationRelativeFilePath>../../Aryzac.IO.Modules.Nuxt.FolderTemplates/prompts/instructions.vue</ApplicationRelativeFilePath>
      <ProjectRelativeFilePath>prompts/instructions.vue</ProjectRelativeFilePath>
      <IsIgnored>false</IsIgnored>
    </FileLog>
    <FileLog>
      <ProjectId>23e9ee1b-ab32-4f6f-9ce6-3506c2c14706</ProjectId>
      <CorrelationId>Aryzac.IO.Modules.Nuxt.Templates.StaticContentTemplateRegistrations.NewStaticStaticContentTemplateRegistration#prompts/list.vue</CorrelationId>
      <OverwriteBehaviour>always</OverwriteBehaviour>
      <ApplicationRelativeFilePath>../../Aryzac.IO.Modules.Nuxt.FolderTemplates/prompts/list.vue</ApplicationRelativeFilePath>
      <ProjectRelativeFilePath>prompts/list.vue</ProjectRelativeFilePath>
      <IsIgnored>false</IsIgnored>
    </FileLog>
    <FileLog>
      <ProjectId>23e9ee1b-ab32-4f6f-9ce6-3506c2c14706</ProjectId>
      <CorrelationId>Aryzac.IO.Modules.Nuxt.Templates.StaticContentTemplateRegistrations.NewStaticStaticContentTemplateRegistration#prompts/name.vue</CorrelationId>
      <OverwriteBehaviour>always</OverwriteBehaviour>
      <ApplicationRelativeFilePath>../../Aryzac.IO.Modules.Nuxt.FolderTemplates/prompts/name.vue</ApplicationRelativeFilePath>
      <ProjectRelativeFilePath>prompts/name.vue</ProjectRelativeFilePath>
      <IsIgnored>false</IsIgnored>
    </FileLog>
    <FileLog>
      <ProjectId>23e9ee1b-ab32-4f6f-9ce6-3506c2c14706</ProjectId>
      <CorrelationId>Aryzac.IO.Modules.Nuxt.Templates.StaticContentTemplateRegistrations.NewStaticStaticContentTemplateRegistration#prompts/rules.vue</CorrelationId>
      <OverwriteBehaviour>always</OverwriteBehaviour>
      <ApplicationRelativeFilePath>../../Aryzac.IO.Modules.Nuxt.FolderTemplates/prompts/rules.vue</ApplicationRelativeFilePath>
      <ProjectRelativeFilePath>prompts/rules.vue</ProjectRelativeFilePath>
      <IsIgnored>false</IsIgnored>
    </FileLog>
    <FileLog>
      <ProjectId>23e9ee1b-ab32-4f6f-9ce6-3506c2c14706</ProjectId>
      <CorrelationId>Aryzac.IO.Modules.Nuxt.readme</CorrelationId>
      <OverwriteBehaviour>always</OverwriteBehaviour>
      <ApplicationRelativeFilePath>../../Aryzac.IO.Modules.Nuxt.FolderTemplates/readme.MD</ApplicationRelativeFilePath>
      <ProjectRelativeFilePath>readme.MD</ProjectRelativeFilePath>
      <IsIgnored>false</IsIgnored>
    </FileLog>
    <FileLog>
      <ProjectId>23e9ee1b-ab32-4f6f-9ce6-3506c2c14706</ProjectId>
      <CorrelationId>Aryzac.IO.Modules.Nuxt.Templates.StaticContentTemplateRegistrations.NewStaticStaticContentTemplateRegistration#readme.txt</CorrelationId>
      <OverwriteBehaviour>always</OverwriteBehaviour>
      <ApplicationRelativeFilePath>../../Aryzac.IO.Modules.Nuxt.FolderTemplates/readme.txt</ApplicationRelativeFilePath>
      <ProjectRelativeFilePath>readme.txt</ProjectRelativeFilePath>
      <IsIgnored>false</IsIgnored>
    </FileLog>
    <FileLog>
      <ProjectId>8cd979ee-b484-4331-9a1b-f0d23e4c0da6</ProjectId>
      <CorrelationId>Aryzac.IO.Modules.Nuxt.Server.tsconfig</CorrelationId>
      <OverwriteBehaviour>always</OverwriteBehaviour>
      <ApplicationRelativeFilePath>../../Aryzac.IO.Modules.Nuxt.FolderTemplates/server/tsconfig.json</ApplicationRelativeFilePath>
      <ProjectRelativeFilePath>tsconfig.json</ProjectRelativeFilePath>
      <IsIgnored>false</IsIgnored>
    </FileLog>
    <FileLog>
      <ProjectId>f031fc5c-f82a-4eb0-8070-960ea3d37791</ProjectId>
      <CorrelationId>Aryzac.IO.Modules.Nuxt.Structs.navigation</CorrelationId>
      <OverwriteBehaviour>always</OverwriteBehaviour>
      <ApplicationRelativeFilePath>../../Aryzac.IO.Modules.Nuxt.FolderTemplates/structs/navigation.ts</ApplicationRelativeFilePath>
      <ProjectRelativeFilePath>navigation.ts</ProjectRelativeFilePath>
      <IsIgnored>false</IsIgnored>
    </FileLog>
    <FileLog>
      <ProjectId>23e9ee1b-ab32-4f6f-9ce6-3506c2c14706</ProjectId>
      <CorrelationId>Aryzac.IO.Modules.Nuxt.tsconfig</CorrelationId>
      <OverwriteBehaviour>always</OverwriteBehaviour>
      <ApplicationRelativeFilePath>../../Aryzac.IO.Modules.Nuxt.FolderTemplates/tsconfig.json</ApplicationRelativeFilePath>
      <ProjectRelativeFilePath>tsconfig.json</ProjectRelativeFilePath>
      <IsIgnored>false</IsIgnored>
    </FileLog>
  </FileLogs>
</outputLog>